{"C:\\Users\\Addison\\Documents\\Lambda\\movie-slater-fe\\movie-knight\\src\\components\\auth\\Login.js": {"path":"C:\\Users\\Addison\\Documents\\Lambda\\movie-slater-fe\\movie-knight\\src\\components\\auth\\Login.js","statementMap":{"0":{"start":{"line":10,"column":21},"end":{"line":91,"column":1}},"1":{"start":{"line":11,"column":36},"end":{"line":11,"column":73}},"2":{"start":{"line":13,"column":23},"end":{"line":18,"column":3}},"3":{"start":{"line":14,"column":4},"end":{"line":14,"column":27}},"4":{"start":{"line":15,"column":4},"end":{"line":15,"column":27}},"5":{"start":{"line":16,"column":4},"end":{"line":16,"column":28}},"6":{"start":{"line":17,"column":4},"end":{"line":17,"column":46}},"7":{"start":{"line":20,"column":23},"end":{"line":22,"column":3}},"8":{"start":{"line":21,"column":4},"end":{"line":21,"column":76}},"9":{"start":{"line":25,"column":25},"end":{"line":31,"column":3}},"10":{"start":{"line":26,"column":24},"end":{"line":26,"column":32}},"11":{"start":{"line":27,"column":4},"end":{"line":27,"column":43}},"12":{"start":{"line":28,"column":4},"end":{"line":28,"column":64}},"13":{"start":{"line":29,"column":4},"end":{"line":29,"column":25}},"14":{"start":{"line":30,"column":4},"end":{"line":30,"column":28}},"15":{"start":{"line":35,"column":2},"end":{"line":90,"column":4}},"16":{"start":{"line":93,"column":24},"end":{"line":97,"column":1}},"17":{"start":{"line":94,"column":2},"end":{"line":96,"column":4}}},"fnMap":{"0":{"name":"(anonymous_0)","decl":{"start":{"line":10,"column":21},"end":{"line":10,"column":22}},"loc":{"start":{"line":10,"column":30},"end":{"line":91,"column":1}},"line":10},"1":{"name":"(anonymous_1)","decl":{"start":{"line":13,"column":23},"end":{"line":13,"column":24}},"loc":{"start":{"line":13,"column":32},"end":{"line":18,"column":3}},"line":13},"2":{"name":"(anonymous_2)","decl":{"start":{"line":20,"column":23},"end":{"line":20,"column":24}},"loc":{"start":{"line":20,"column":32},"end":{"line":22,"column":3}},"line":20},"3":{"name":"(anonymous_3)","decl":{"start":{"line":25,"column":25},"end":{"line":25,"column":26}},"loc":{"start":{"line":25,"column":37},"end":{"line":31,"column":3}},"line":25},"4":{"name":"(anonymous_4)","decl":{"start":{"line":93,"column":24},"end":{"line":93,"column":25}},"loc":{"start":{"line":93,"column":33},"end":{"line":97,"column":1}},"line":93}},"branchMap":{"0":{"loc":{"start":{"line":38,"column":29},"end":{"line":38,"column":66}},"type":"cond-expr","locations":[{"start":{"line":38,"column":50},"end":{"line":38,"column":56}},{"start":{"line":38,"column":59},"end":{"line":38,"column":66}}],"line":38}},"s":{"0":0,"1":0,"2":0,"3":0,"4":0,"5":0,"6":0,"7":0,"8":0,"9":0,"10":0,"11":0,"12":0,"13":0,"14":0,"15":0,"16":0,"17":0},"f":{"0":0,"1":0,"2":0,"3":0,"4":0},"b":{"0":[0,0]},"hash":"99761fff6c970beb928874102c951481eaa50288"}
}
